********************************************************************************
PACKAGE-LOG: 2016-08-30 05:02:04
NOTICE: Do NOT post to public sites or forums 
********************************************************************************
VERSION:	1.1.16
WORDPRESS:	4.6
PHP INFO:	5.6.10 | SAPI: apache2handler
SERVER:		Apache/2.2.29 (Unix) mod_wsgi/3.5 Python/2.7.10 PHP/5.6.10 mod_ssl/2.2.29 OpenSSL/0.9.8zh DAV/2 mod_fastcgi/2.4.6 mod_perl/2.0.9 Perl/v5.22.0 
PHP TIME LIMIT: (0) no time limit imposed 
PHP MAX MEMORY: 2048M (128M default) 
MEMORY STACK: 29MB 

********************************************************************************
DATABASE:
********************************************************************************
BUILD MODE:   PHP(query limit - 100)
MYSQLTIMEOUT: 5000
MYSQLDUMP:    Not Supported 
TABLES: total:18 | filtered:0 | create:18 
FILTERED: [] 
SQL CREATED: 20160830_accelerate_57c513376ff3f7895160830050143_database.sql 
SQL FILE SIZE: 902.27KB (923923) 
SQL FILE TIME: 2016-08-30 05:02:04 
SQL RUNTIME: 0.12 sec. 

******************************************************************************** 
ARCHIVE (ZIP): 
******************************************************************************** 
ARCHIVE DIR:  /Users/mtaylorelliott/Sites/accelerate 
ARCHIVE FILE: 20160830_accelerate_57c513376ff3f7895160830050143_archive.zip 
FILTERS: *OFF* 
DIRS:  not set 
EXTS:  not set 
---------------------------------------- 
COMPRESSING 
SIZE:	102.5MB 
STATS:	Dirs 745 | Files 6,206 
SQL ADDED: 20160830_accelerate_57c513376ff3f7895160830050143_database.sql 
ZipArchive Object
(
    [status] => 0
    [statusSys] => 0
    [numFiles] => 6951
    [filename] => /Users/mtaylorelliott/Sites/accelerate/wp-snapshots/tmp/20160830_accelerate_57c513376ff3f7895160830050143_archive.zip
    [comment] => 
)
 
COMPRESSION RESULT: '1' 
COMPRESSED SIZE: 74.46MB 
ARCHIVE RUNTIME: 25.27 sec. 
MEMORY STACK: 31.75MB 

******************************************************************************** 
MAKE INSTALLER: 
******************************************************************************** 
Build Start 
Build Finished 
Preping for use 
Template parsed with new data 
Complete [/Users/mtaylorelliott/Sites/accelerate/wp-snapshots/tmp/20160830_accelerate_57c513376ff3f7895160830050143_installer.php] 
Added to archive 

******************************************************************************** 
INTEGRITY CHECKS: 
******************************************************************************** 
SQL File: 902.27KB 
Installer File: 347.62KB 
Archive File: 74.46MB  

********************************************************************************
RECORD ID:[1]
TOTAL PROCESS RUNTIME: 26.80 sec.
PEAK PHP MEMORY USED: 33.75MB
DONE PROCESSING => 20160830_accelerate 2016-08-30 05:02:31
 
